[debug] [2026-01-08T18:23:15.725Z] ----------------------------------------------------------------------
[debug] [2026-01-08T18:23:15.731Z] Command:       C:\Program Files\nodejs\node.exe C:\Users\ADMIN\AppData\Roaming\npm\node_modules\firebase-tools\lib\bin\firebase.js init
[debug] [2026-01-08T18:23:15.732Z] CLI Version:   15.2.0
[debug] [2026-01-08T18:23:15.732Z] Platform:      win32
[debug] [2026-01-08T18:23:15.733Z] Node Version:  v24.12.0
[debug] [2026-01-08T18:23:15.733Z] Time:          Thu Jan 08 2026 23:53:15 GMT+0530 (India Standard Time)
[debug] [2026-01-08T18:23:15.733Z] ----------------------------------------------------------------------
[debug] 
[info] 
     ######## #### ########  ######## ########     ###     ######  ########
     ##        ##  ##     ## ##       ##     ##  ##   ##  ##       ##
     ######    ##  ########  ######   ########  #########  ######  ######
     ##        ##  ##    ##  ##       ##     ## ##     ##       ## ##
     ##       #### ##     ## ######## ########  ##     ##  ######  ########

You're about to initialize a Firebase project in this directory:

  C:\Users\ADMIN\Downloads\career-compass-chat-main\career-compass-chat-main

[info] 
=== Project Setup
[info] 
[info] First, let's associate this project directory with a Firebase project.
[info] You can create multiple project aliases by running firebase use --add, 
[info] 
[info] i  If you want to create a project in a Google Cloud organization or folder, please use "firebase projects:create" instead, and return to this command when you've created the project. 
[debug] [2026-01-08T18:25:16.310Z] > command requires scopes: ["email","openid","https://www.googleapis.com/auth/cloudplatformprojects.readonly","https://www.googleapis.com/auth/firebase","https://www.googleapis.com/auth/cloud-platform"]
[debug] [2026-01-08T18:25:16.311Z] > authorizing via signed-in user (mvinuja303@gmail.com)
[debug] [2026-01-08T18:25:47.493Z] Checked if tokens are valid: true, expires at: 1767900158003
[debug] [2026-01-08T18:25:47.494Z] Checked if tokens are valid: true, expires at: 1767900158003
[debug] [2026-01-08T18:25:47.499Z] >>> [apiv2][query] POST https://firebase.googleapis.com/v1/projects:checkProjectId [none]
[debug] [2026-01-08T18:25:47.499Z] >>> [apiv2][body] POST https://firebase.googleapis.com/v1/projects:checkProjectId {"proposedId":"123456"}
[debug] [2026-01-08T18:25:48.753Z] <<< [apiv2][status] POST https://firebase.googleapis.com/v1/projects:checkProjectId 200
[debug] [2026-01-08T18:25:48.753Z] <<< [apiv2][body] POST https://firebase.googleapis.com/v1/projects:checkProjectId {"projectIdStatus":"PROJECT_ID_NOT_VALID","suggestedProjectId":"project-7499912284478123436"}
[debug] [2026-01-08T18:26:03.182Z] Checked if tokens are valid: true, expires at: 1767900158003
[debug] [2026-01-08T18:26:03.183Z] Checked if tokens are valid: true, expires at: 1767900158003
[debug] [2026-01-08T18:26:03.185Z] >>> [apiv2][query] POST https://firebase.googleapis.com/v1/projects:checkProjectId [none]
[debug] [2026-01-08T18:26:03.185Z] >>> [apiv2][body] POST https://firebase.googleapis.com/v1/projects:checkProjectId {"proposedId":"project-7499912284478123436."}
[debug] [2026-01-08T18:26:03.796Z] <<< [apiv2][status] POST https://firebase.googleapis.com/v1/projects:checkProjectId 400
[debug] [2026-01-08T18:26:03.796Z] <<< [apiv2][body] POST https://firebase.googleapis.com/v1/projects:checkProjectId {"error":{"code":400,"message":"Request contains an invalid argument.","status":"INVALID_ARGUMENT"}}
[debug] [2026-01-08T18:26:03.799Z] Couldn't check if project ID project-7499912284478123436. is available. Original error: FirebaseError: Failed to check if project ID is available. See firebase-debug.log for more info.
[debug] [2026-01-08T18:26:46.323Z] Checked if tokens are valid: true, expires at: 1767900158003
[debug] [2026-01-08T18:26:46.323Z] Checked if tokens are valid: true, expires at: 1767900158003
[debug] [2026-01-08T18:26:46.324Z] >>> [apiv2][query] POST https://cloudresourcemanager.googleapis.com/v1/projects [none]
[debug] [2026-01-08T18:26:46.324Z] >>> [apiv2][body] POST https://cloudresourcemanager.googleapis.com/v1/projects {"projectId":"project-7499912284478123436.","name":"12345"}
[debug] [2026-01-08T18:26:48.441Z] <<< [apiv2][status] POST https://cloudresourcemanager.googleapis.com/v1/projects 400
[debug] [2026-01-08T18:26:48.442Z] <<< [apiv2][body] POST https://cloudresourcemanager.googleapis.com/v1/projects {"error":{"code":400,"message":"field [project_id] has issue [project_id contains invalid characters]","status":"INVALID_ARGUMENT","details":[{"@type":"type.googleapis.com/google.rpc.BadRequest","fieldViolations":[{"field":"project_id","description":"project_id contains invalid characters"}]},{"@type":"type.googleapis.com/google.rpc.Help","links":[{"url":"https://cloud.google.com/resource-manager/reference/rest/v1/projects"}]}]}}
[debug] [2026-01-08T18:26:48.446Z] FirebaseError: Request to https://cloudresourcemanager.googleapis.com/v1/projects had HTTP Error: 400, field [project_id] has issue [project_id contains invalid characters]
    at responseToError (C:\Users\ADMIN\AppData\Roaming\npm\node_modules\firebase-tools\lib\responseToError.js:53:12)
    at RetryOperation._fn (C:\Users\ADMIN\AppData\Roaming\npm\node_modules\firebase-tools\lib\apiv2.js:320:77)
    at process.processTicksAndRejections (node:internal/process/task_queues:103:5)
[error] 
[error] Error: Failed to create project. See firebase-debug.log for more info.
[debug] [2026-01-08T18:31:31.597Z] ----------------------------------------------------------------------
[debug] [2026-01-08T18:31:31.600Z] Command:       C:\Program Files\nodejs\node.exe C:\Users\ADMIN\AppData\Roaming\npm\node_modules\firebase-tools\lib\bin\firebase.js init
[debug] [2026-01-08T18:31:31.601Z] CLI Version:   15.2.0
[debug] [2026-01-08T18:31:31.601Z] Platform:      win32
[debug] [2026-01-08T18:31:31.601Z] Node Version:  v24.12.0
[debug] [2026-01-08T18:31:31.602Z] Time:          Fri Jan 09 2026 00:01:31 GMT+0530 (India Standard Time)
[debug] [2026-01-08T18:31:31.602Z] ----------------------------------------------------------------------
[debug] 
[info] 
     ######## #### ########  ######## ########     ###     ######  ########
     ##        ##  ##     ## ##       ##     ##  ##   ##  ##       ##
     ######    ##  ########  ######   ########  #########  ######  ######
     ##        ##  ##    ##  ##       ##     ## ##     ##       ## ##
     ##       #### ##     ## ######## ########  ##     ##  ######  ########

You're about to initialize a Firebase project in this directory:

  C:\Users\ADMIN\Downloads\career-compass-chat-main\career-compass-chat-main

[info] 
=== Project Setup
[info] 
[info] First, let's associate this project directory with a Firebase project.
[info] You can create multiple project aliases by running firebase use --add, 
[info] 
[debug] [2026-01-08T18:31:47.300Z] > command requires scopes: ["email","openid","https://www.googleapis.com/auth/cloudplatformprojects.readonly","https://www.googleapis.com/auth/firebase","https://www.googleapis.com/auth/cloud-platform"]
[debug] [2026-01-08T18:31:47.303Z] > authorizing via signed-in user (mvinuja303@gmail.com)
[debug] [2026-01-08T18:31:47.306Z] Checked if tokens are valid: true, expires at: 1767900158003
[debug] [2026-01-08T18:31:47.307Z] Checked if tokens are valid: true, expires at: 1767900158003
[debug] [2026-01-08T18:31:47.310Z] >>> [apiv2][query] GET https://firebase.googleapis.com/v1beta1/projects pageSize=100
[debug] [2026-01-08T18:31:48.993Z] <<< [apiv2][status] GET https://firebase.googleapis.com/v1beta1/projects 200
[debug] [2026-01-08T18:31:48.993Z] <<< [apiv2][body] GET https://firebase.googleapis.com/v1beta1/projects [omitted]
[info] 
=== Hosting Setup
[debug] [2026-01-08T18:31:54.193Z] Checked if tokens are valid: true, expires at: 1767900158003
[debug] [2026-01-08T18:31:54.193Z] Checked if tokens are valid: true, expires at: 1767900158003
[debug] [2026-01-08T18:31:54.193Z] >>> [apiv2][query] GET https://firebase.googleapis.com/v1beta1/projects/intern-chatbot-aa8af [none]
[debug] [2026-01-08T18:31:55.124Z] <<< [apiv2][status] GET https://firebase.googleapis.com/v1beta1/projects/intern-chatbot-aa8af 200
[debug] [2026-01-08T18:31:55.125Z] <<< [apiv2][body] GET https://firebase.googleapis.com/v1beta1/projects/intern-chatbot-aa8af {"projectId":"intern-chatbot-aa8af","projectNumber":"438551021268","displayName":"Intern chatbot","name":"projects/intern-chatbot-aa8af","resources":{"hostingSite":"intern-chatbot-aa8af"},"state":"ACTIVE","etag":"1_46e0d251-2eb7-4eac-bbac-46bbec25d2a7"}
[info] 
[info] Your public directory is the folder (relative to your project directory) that
[info] will contain Hosting assets to be uploaded with firebase deploy. If you
[info] have a build process for your assets, use your build's output directory.
[info] 
[info] 
[info] i  Didn't detect a .git folder. Assuming C:\Users\ADMIN\Downloads\career-compass-chat-main\career-compass-chat-main is the project root. 
[info] i  Authorizing with GitHub to upload your service account to a GitHub repository's secrets store. 
[info] 
[info] Visit this URL on this device to log in:
[info] https://github.com/login/oauth/authorize?client_id=89cf50f02ac6aaed3484&state=598207397&redirect_uri=http%3A%2F%2Flocalhost%3A9005&scope=read%3Auser%20repo%20public_repo
[info] 
[info] Waiting for authentication...
[debug] [2026-01-08T18:32:16.935Z] >>> [apiv2][query] POST https://github.com/login/oauth/access_token [none]
[debug] [2026-01-08T18:32:16.935Z] >>> [apiv2][body] POST https://github.com/login/oauth/access_token [stream]
[debug] [2026-01-08T18:32:17.550Z] <<< [apiv2][status] POST https://github.com/login/oauth/access_token 200
[debug] [2026-01-08T18:32:17.550Z] <<< [apiv2][body] POST https://github.com/login/oauth/access_token {"access_token":"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","token_type":"bearer","scope":"read:user,repo"}
[debug] [2026-01-08T18:32:17.555Z] >>> [apiv2][query] GET https://api.github.com/user [none]
[debug] [2026-01-08T18:32:18.369Z] <<< [apiv2][status] GET https://api.github.com/user 200
[debug] [2026-01-08T18:32:18.369Z] <<< [apiv2][body] GET https://api.github.com/user {"login":"VINUJA-30","id":219791598,"node_id":"U_kgDODRnA7g","avatar_url":"https://avatars.githubusercontent.com/u/219791598?v=4","gravatar_id":"","url":"https://api.github.com/users/VINUJA-30","html_url":"https://github.com/VINUJA-30","followers_url":"https://api.github.com/users/VINUJA-30/followers","following_url":"https://api.github.com/users/VINUJA-30/following{/other_user}","gists_url":"https://api.github.com/users/VINUJA-30/gists{/gist_id}","starred_url":"https://api.github.com/users/VINUJA-30/starred{/owner}{/repo}","subscriptions_url":"https://api.github.com/users/VINUJA-30/subscriptions","organizations_url":"https://api.github.com/users/VINUJA-30/orgs","repos_url":"https://api.github.com/users/VINUJA-30/repos","events_url":"https://api.github.com/users/VINUJA-30/events{/privacy}","received_events_url":"https://api.github.com/users/VINUJA-30/received_events","type":"User","user_view_type":"private","site_admin":false,"name":"VINUJA M","company":null,"blog":"","location":null,"email":null,"hireable":null,"bio":"AI & Data Science student at NEC.\r\nSkilled in Python, Java, and SQL.\r\nExploring Machine Learning and Data Analytics.\r\nBuilding projects that solve real-world","twitter_username":null,"notification_email":null,"public_repos":18,"public_gists":0,"followers":0,"following":0,"created_at":"2025-07-08T06:02:32Z","updated_at":"2026-01-08T17:31:29Z","private_gists":0,"total_private_repos":3,"owned_private_repos":3,"disk_usage":1522,"collaborators":1,"two_factor_authentication":false,"plan":{"name":"free","space":976562499,"collaborators":0,"private_repos":10000}}
[info] 
[info] +  Success! Logged into GitHub as VINUJA-30 
[info] 
[debug] [2026-01-08T18:32:50.149Z] ExitPromptError: User force closed the prompt with SIGINT
    at Interface.sigint (file:///C:/Users/ADMIN/AppData/Roaming/npm/node_modules/firebase-tools/node_modules/@inquirer/core/dist/lib/create-prompt.js:62:37)
    at Interface.emit (node:events:508:28)
    at [_ttyWrite] [as _ttyWrite] (node:internal/readline/interface:1327:18)
    at ReadStream.onkeypress (node:internal/readline/interface:284:20)
    at ReadStream.emit (node:events:520:35)
    at emitKeys (node:internal/readline/utils:371:14)
    at emitKeys.next (<anonymous>)
    at ReadStream.onData (node:internal/readline/emitKeypressEvents:64:36)
    at ReadStream.emit (node:events:508:28)
    at addChunk (node:internal/streams/readable:559:12)
[error] 
[error] Error: An unexpected error has occurred.
